<?xml version="1.0" encoding="UTF-8"?>
<!-- Generated by org.testng.reporters.JUnitReportReporter -->
<testsuite hostname="DESKTOP-15J4PS7" failures="0" tests="1" name="Com.Ecommerce.TestCases.TC_Registration" time="91.923" errors="0" timestamp="2023-07-22T21:41:45 IST" skipped="0">
  <testcase classname="Com.Ecommerce.TestCases.TC_Registration" name="TC1" time="91.923"/>
</testsuite> <!-- Com.Ecommerce.TestCases.TC_Registration -->
